(Wed Apr 19 12:48:35 2000)
        中央处理器 cloned /d/huanhua/npc/qiubo.c
(Wed Apr 19 13:32:55 2000)
        中央处理器 cloned /d/baituo/npc/ouyangfeng.c
(Wed Apr 19 13:34:33 2000)
        中央处理器 cloned /d/baituo/npc/ouyangfeng.c
(Sat Apr 29 15:53:16 2000)
        中央处理器 cloned /d/yandang/obj/book1.c
(Sat Apr 29 15:53:33 2000)
        中央处理器 cloned /d/yandang/obj/hupo.c
(Sat Apr 29 15:53:56 2000)
        中央处理器 cloned /d/yandang/obj/hubi.c
(Sat Apr 29 15:54:04 2000)
        中央处理器 cloned /d/yandang/obj/zijin.c
(Sat Apr 29 15:54:29 2000)
        中央处理器 cloned /d/yandang/obj/wushuang.c
(Sat Apr 29 15:58:04 2000)
        中央处理器 cloned /d/yandang/npc/yuan.c
(Sat Apr 29 16:01:09 2000)
        中央处理器 cloned /d/yandang/obj/pot.c
(Sat Apr 29 16:01:24 2000)
        中央处理器 cloned /d/yandang/obj/guanyin_xiang.c
(Sat Apr 29 16:01:39 2000)
        中央处理器 cloned /d/yandang/obj/mirror.c
(Sat Apr 29 16:06:04 2000)
        中央处理器 cloned /d/yandang/obj/suhejiu.c
(Sat Apr 29 16:07:28 2000)
        中央处理器 cloned /d/yandang/obj/medicine.c
(Sat Apr 29 16:22:26 2000)
        中央处理器 cloned /d/yandang/obj/yuchang.c
(Sat Apr 29 16:23:38 2000)
        中央处理器 cloned /d/yandang/npc/yahuan.c
(Sat Apr 29 16:24:32 2000)
        中央处理器 cloned /d/hainan/obj/liusha.c
(Sat Apr 29 16:24:58 2000)
        中央处理器 cloned /d/hainan/obj/yumao.c
(Sat Apr 29 16:34:13 2000)
        中央处理器 cloned /d/hainan/obj/fochuan.c
(Sat Apr 29 16:35:17 2000)
        中央处理器 cloned /d/hainan/npc/xianhe.c
