(Tue Apr 18 20:00:09 2000)
        迪斯科 cloned /d/heimuya/npc/obj/card3.c
(Tue Apr 18 20:08:58 2000)
        迪斯科 cloned /u/china/mk.c
(Tue Apr 18 20:17:35 2000)
        迪斯科 cloned /d/yangzhou/npc/daren.c
(Tue Apr 18 20:20:25 2000)
        迪斯科 cloned /d/city2/npc/zhuge.c
(Tue Apr 18 20:31:06 2000)
        迪斯科 cloned /d/yangzhou/npc/daren.c
(Tue Apr 18 20:31:23 2000)
        迪斯科 cloned /d/yangzhou/npc/daren.c
(Tue Apr 18 20:36:46 2000)
        迪斯科 cloned /u/heart/xiao.c
(Tue Apr 18 20:37:00 2000)
        迪斯科 cloned /u/heart/y.c
(Tue Apr 18 20:44:24 2000)
        迪斯科 cloned /u/legato/npc/yunqing.c
(Tue Apr 18 20:54:41 2000)
        迪斯科 cloned /u/heart/y.c
(Tue Apr 18 20:57:11 2000)
        迪斯科 cloned /u/yuki/set.c
(Tue Apr 18 21:01:15 2000)
        迪斯科 cloned /d/huanggon/npc/kangxi.c
(Tue Apr 18 21:11:22 2000)
        迪斯科 cloned /u/xxy/qin.c
(Tue Apr 18 21:11:46 2000)
        迪斯科 cloned /u/xxy/shenzhi.c
(Tue Apr 18 21:17:38 2000)
        迪斯科 cloned /u/xxy/sandboy/npc/kunpo.c
(Tue Apr 18 21:17:53 2000)
        迪斯科 cloned /u/xxy/sandboy/npc/zhangsan.c
(Wed Apr 19 12:32:12 2000)
        迪斯科 cloned /u/lxh/cpu.c
(Wed Apr 19 12:42:47 2000)
        迪斯科 cloned /d/yangzhou/npc/daren.c
(Fri Apr 21 16:19:07 2000)
        迪斯科 cloned /u/china/mk.c
(Fri Apr 21 16:23:40 2000)
        迪斯科 cloned /d/zhongzhou/npc/dks.c
(Fri Apr 21 16:24:05 2000)
        迪斯科 cloned /d/zhongzhou/npc/dks.c
