(Tue Apr 18 20:17:08 2000)
        迪斯科 删除 /d/yangzhou/npc/daren.c
(Tue Apr 18 20:29:00 2000)
        迪斯科 删除 /d/yangzhou/npc/daren.c
(Tue Apr 18 20:30:48 2000)
        迪斯科 删除 /d/yangzhou/npc/daren.c
(Tue Apr 18 20:34:45 2000)
        迪斯科 删除 /cmds/imm/where.c
(Tue Apr 18 20:54:54 2000)
        迪斯科 删除 /u/heart/y.c
(Wed Apr 19 12:57:47 2000)
        迪斯科 删除 /data/area/扬州杂货铺.o
(Wed Apr 19 14:18:44 2000)
        迪斯科 删除 /cmds/adm/ban.c
(Wed Apr 19 14:21:20 2000)
        迪斯科 删除 /cmds/adm/ban1.c
(Wed Apr 19 14:22:25 2000)
        迪斯科 删除 /cmds/adm/ban.c
(Thu Apr 20 16:52:00 2000)
        迪斯科 删除 /cmds/std/room.c
(Thu Apr 20 16:52:04 2000)
        迪斯科 删除 /cmds/std/room1.bug
(Thu Apr 20 17:10:46 2000)
        迪斯科 删除 /data/login/c/cch.o
(Thu Apr 20 17:10:49 2000)
        迪斯科 删除 /data/login/c/cpu.o
(Thu Apr 20 17:10:54 2000)
        迪斯科 删除 /data/login/c/crazy.o
(Thu Apr 20 17:10:57 2000)
        迪斯科 删除 /data/login/c/cyj.o
(Thu Apr 20 17:11:08 2000)
        迪斯科 删除 /data/login/d/dog.o
(Thu Apr 20 17:11:35 2000)
        迪斯科 删除 /data/login/s/spy.o
(Thu Apr 20 17:11:48 2000)
        迪斯科 删除 /data/user/c/cch.o
(Thu Apr 20 17:11:51 2000)
        迪斯科 删除 /data/user/c/cpu.o
(Thu Apr 20 17:11:56 2000)
        迪斯科 删除 /data/user/c/crazy.o
(Thu Apr 20 17:11:58 2000)
        迪斯科 删除 /data/user/c/cyj.o
(Thu Apr 20 17:12:07 2000)
        迪斯科 删除 /data/user/d/dog.o
(Thu Apr 20 17:12:32 2000)
        迪斯科 删除 /data/user/s/spy.o
(Thu Apr 20 17:14:38 2000)
        迪斯科 删除 /cmds/usr/ts.c
(Fri Apr 21 17:24:21 2000)
        大剑师 删除 /cmds/usr/grins.c.txt
(Fri Apr 21 17:26:33 2000)
        大剑师 删除 /cmds/usr/grins.c.txt
(Fri Apr 21 17:28:35 2000)
        大剑师 删除 /cmds/adm/promote.c
(Fri Apr 21 17:30:52 2000)
        大剑师 删除 /cmds/usr/tnnd.c
(Fri Apr 21 17:38:47 2000)
        大剑师 删除 /cmds/usr/xiugai.c
