1999.11.14 01:51 B E:\txjh\d\baituo\obj\baipao.c <-- panguan /d/baituo/obj baipao.c
1999.11.14 01:51 B E:\txjh\d\baituo\obj\bowl.c <-- panguan /d/baituo/obj bowl.c
1999.11.14 01:51 B E:\txjh\d\baituo\obj\cake.c <-- panguan /d/baituo/obj cake.c
1999.11.14 01:51 B E:\txjh\d\baituo\obj\caomei.c <-- panguan /d/baituo/obj caomei.c
1999.11.14 01:51 B E:\txjh\d\baituo\obj\chai.c <-- panguan /d/baituo/obj chai.c
1999.11.14 01:51 B E:\txjh\d\baituo\obj\chaidao.c <-- panguan /d/baituo/obj chaidao.c
1999.11.14 01:51 B E:\txjh\d\baituo\obj\dadao.c <-- panguan /d/baituo/obj dadao.c
1999.11.14 01:51 B E:\txjh\d\baituo\obj\doujiang.c <-- panguan /d/baituo/obj doujiang.c
1999.11.14 01:51 B E:\txjh\d\baituo\obj\fen.c <-- panguan /d/baituo/obj fen.c
1999.11.14 01:51 B E:\txjh\d\baituo\obj\gshepi.c <-- panguan /d/baituo/obj gshepi.c
1999.11.14 01:51 B E:\txjh\d\baituo\obj\jindan.c <-- panguan /d/baituo/obj jindan.c
1999.11.14 01:51 B E:\txjh\d\baituo\obj\key.c <-- panguan /d/baituo/obj key.c
1999.11.14 01:51 B E:\txjh\d\baituo\obj\qingdan.c <-- panguan /d/baituo/obj qingdan.c
1999.11.14 01:51 B E:\txjh\d\baituo\obj\qingpao.c <-- panguan /d/baituo/obj qingpao.c
1999.11.14 01:51 B E:\txjh\d\baituo\obj\shebian.c <-- panguan /d/baituo/obj shebian.c
1999.11.14 01:51 B E:\txjh\d\baituo\obj\shedangao.c <-- panguan /d/baituo/obj shedangao.c
1999.11.14 01:51 B E:\txjh\d\baituo\obj\shenshe.c <-- panguan /d/baituo/obj shenshe.c
1999.11.14 01:51 B E:\txjh\d\baituo\obj\shepi.c <-- panguan /d/baituo/obj shepi.c
1999.11.14 01:51 B E:\txjh\d\baituo\obj\sherou.c <-- panguan /d/baituo/obj sherou.c
1999.11.14 01:51 B E:\txjh\d\baituo\obj\shoe.c <-- panguan /d/baituo/obj shoe.c
1999.11.14 01:51 B E:\txjh\d\baituo\obj\tianmozhang.c <-- panguan /d/baituo/obj tianmozhang.c
1999.11.14 01:51 B E:\txjh\d\baituo\obj\turou.c <-- panguan /d/baituo/obj turou.c
