(Mon Apr 17 21:15:58 2000)
          中央处理器 updated /cmds/usr/who.c
(Mon Apr 17 21:16:02 2000)
          中央处理器 updated /cmds/usr/who.c
(Mon Apr 17 21:16:16 2000)
          中央处理器 updated /cmds/usr/who.c
(Mon Apr 17 21:16:18 2000)
          中央处理器 updated /cmds/usr/who.c
(Mon Apr 17 21:16:34 2000)
          中央处理器 updated /cmds/usr/who.c
(Mon Apr 17 21:16:49 2000)
          中央处理器 updated /cmds/usr/who.c
(Mon Apr 17 21:16:52 2000)
          中央处理器 updated /cmds/usr/who.c
(Mon Apr 17 21:17:06 2000)
          中央处理器 updated /cmds/usr/who.c
(Mon Apr 17 21:17:06 2000)
          中央处理器 updated /cmds/usr/who.c
(Mon Apr 17 21:17:07 2000)
          中央处理器 updated /cmds/usr/who.c
(Mon Apr 17 21:17:07 2000)
          中央处理器 updated /cmds/usr/who.c
(Mon Apr 17 21:17:07 2000)
          中央处理器 updated /cmds/usr/who.c
(Mon Apr 17 21:17:07 2000)
          中央处理器 updated /cmds/usr/who.c
(Mon Apr 17 21:19:04 2000)
          中央处理器 updated /d/zhongzhou/yinghao.c
(Mon Apr 17 21:35:51 2000)
          中央处理器 updated /cmds/imm/where.c
(Mon Apr 17 21:40:36 2000)
          中央处理器 updated /cmds/imm/where.c
(Mon Apr 17 21:44:21 2000)
          中央处理器 updated /cmds/imm/goto.c
(Mon Apr 17 21:44:21 2000)
          中央处理器 updated /cmds/imm/goto.c
(Mon Apr 17 21:44:22 2000)
          中央处理器 updated /cmds/imm/goto.c
(Mon Apr 17 21:44:28 2000)
          中央处理器 updated /cmds/imm/mem.c
(Mon Apr 17 21:48:23 2000)
          中央处理器 updated /cmds/imm/where.c
(Mon Apr 17 21:49:37 2000)
          中央处理器 updated /cmds/imm/where.c
(Mon Apr 17 21:50:28 2000)
          中央处理器 updated /cmds/imm/where.c
(Mon Apr 17 21:51:43 2000)
          中央处理器 updated /cmds/imm/where.c
(Mon Apr 17 21:52:11 2000)
          中央处理器 updated /cmds/imm/where.c
(Mon Apr 17 21:53:29 2000)
          中央处理器 updated /cmds/imm/where.c
(Mon Apr 17 21:53:38 2000)
          中央处理器 updated /cmds/imm/where.c
(Mon Apr 17 21:54:32 2000)
          中央处理器 updated /cmds/imm/where.c
(Mon Apr 17 21:54:48 2000)
          中央处理器 updated /cmds/imm/where.c
(Mon Apr 17 21:56:08 2000)
          中央处理器 updated /cmds/imm/where.c
(Mon Apr 17 21:56:25 2000)
          中央处理器 updated /cmds/imm/where.c
(Wed Apr 19 13:48:31 2000)
          中央处理器 updated /cmds/skill/fz.c
(Wed Apr 19 13:48:37 2000)
          中央处理器 updated /d/zhongzhou/wendingbei1.c
(Wed Apr 19 13:49:56 2000)
          中央处理器 updated /d/zhongzhou/wendingbei1.c
(Wed Apr 19 13:50:01 2000)
          中央处理器 updated /cmds/skill/fz.c
(Wed Apr 19 13:52:12 2000)
          中央处理器 updated /cmds/skill/fz.c
(Wed Apr 19 13:54:37 2000)
          中央处理器 updated /cmds/skill/qmdj.c
(Wed Apr 19 13:55:16 2000)
          中央处理器 updated /cmds/skill/fz.c
(Wed Apr 19 13:55:25 2000)
          中央处理器 updated /d/zhongzhou/wendingbei1.c
(Wed Apr 19 13:56:32 2000)
          中央处理器 updated /cmds/skill/fz.c
(Wed Apr 19 14:01:15 2000)
          中央处理器 updated /cmds/usr/ts.c
(Fri Apr 21 17:30:18 2000)
          处理器 updated /cmds/usr/grins.c
(Sat Apr 29 16:05:47 2000)
          中央处理器 updated /d/yandang/xiaolongq.c
(Sat Apr 29 16:16:05 2000)
          中央处理器 updated /d/yandang/luoyan14.c
