(Tue Apr 18 20:09:31 2000)
          迪斯科 updated /u/china/mk.c
(Tue Apr 18 20:12:56 2000)
          迪斯科 updated /d/yangzhou/zahuopu.c
(Tue Apr 18 20:17:32 2000)
          迪斯科 updated /d/yangzhou/npc/daren.c
(Tue Apr 18 20:18:11 2000)
          迪斯科 updated /d/yangzhou/yingshijie2.c
(Tue Apr 18 20:31:04 2000)
          迪斯科 updated /d/yangzhou/npc/daren.c
(Tue Apr 18 20:31:21 2000)
          迪斯科 updated /d/huanggon/dating.c
(Tue Apr 18 20:34:59 2000)
          迪斯科 updated /cmds/imm/where.c
(Tue Apr 18 20:36:51 2000)
          迪斯科 updated /d/huanggon/dating.c
(Tue Apr 18 21:06:23 2000)
          迪斯科 updated /d/huanggon/qianqingon.c
(Tue Apr 18 21:10:25 2000)
          迪斯科 updated /d/huanggon/shiweifang.c
(Wed Apr 19 13:05:01 2000)
          迪斯科 updated /d/zhongzhou/yinghao.c
(Wed Apr 19 13:16:38 2000)
          迪斯科 updated /cmds/usr/wanyi.c
(Wed Apr 19 13:20:37 2000)
          迪斯科 updated /u/xxy/shaolin/zhulin2.c
(Wed Apr 19 13:20:44 2000)
          迪斯科 updated /u/xxy/shaolin/wuxing0.c
(Wed Apr 19 13:40:58 2000)
          迪斯科 updated /u/lxh/room.c
(Wed Apr 19 13:50:12 2000)
          迪斯科 updated /cmds/skill/fz.c
(Wed Apr 19 14:11:04 2000)
          迪斯科 updated /cmds/adm/ban.c
(Wed Apr 19 14:15:21 2000)
          迪斯科 updated /adm/daemons/securityd.c
(Wed Apr 19 14:15:43 2000)
          迪斯科 updated /cmds/adm/ban1.c
(Wed Apr 19 14:20:58 2000)
          迪斯科 updated /cmds/wiz/cp.c
(Wed Apr 19 14:24:09 2000)
          迪斯科 updated /d/zhongzhou/yinghao.c
(Thu Apr 20 16:59:05 2000)
          迪斯科 updated /cmds/std/bei.c
(Thu Apr 20 17:24:04 2000)
          迪斯科 updated /daemon/skill/daoxuexinde.c
(Fri Apr 21 16:23:23 2000)
          迪斯科 updated /d/zhongzhou/npc/dks.c
(Fri Apr 21 16:24:02 2000)
          迪斯科 updated /d/zhongzhou/wendingbei4.c
(Fri Apr 21 16:26:10 2000)
          迪斯科 updated /d/zhongzhou/beimen.c
(Fri Apr 21 16:26:17 2000)
          迪斯科 updated /d/zhongzhou/yinghao.c
(Fri Apr 21 16:46:40 2000)
          大剑师 updated /d/tianlongsi/tading.c
(Fri Apr 21 16:54:33 2000)
          大剑师 updated /adm/daemons/natured.c
(Fri Apr 21 17:23:42 2000)
          大剑师 updated /cmds/usr/tnnd.c
(Fri Apr 21 17:24:41 2000)
          大剑师 updated /cmds/usr/tnnd.c
(Fri Apr 21 17:30:35 2000)
          大剑师 updated /cmds/usr/ppm.c
(Fri Apr 21 17:37:30 2000)
          大剑师 updated /d/zhongzhou/yinghao.c
(Fri Apr 21 18:18:24 2000)
          大剑师 updated /d/zhongzhou/yinghaoup.c
