(Tue Apr 18 20:16:21 2000)
        迪斯科 edit /data/npc/大人.c
(Tue Apr 18 20:16:27 2000)
        迪斯科 edit /d/yangzhou/npc/daren.c
(Tue Apr 18 20:16:56 2000)
        迪斯科 edit /d/yangzhou/npc/daren.c
(Tue Apr 18 20:17:11 2000)
        迪斯科 edit /d/yangzhou/npc/daren.c
(Tue Apr 18 20:29:04 2000)
        迪斯科 edit /d/yangzhou/npc/daren.c
(Tue Apr 18 20:30:45 2000)
        迪斯科 edit /d/yangzhou/npc/daren.c
(Tue Apr 18 20:30:51 2000)
        迪斯科 edit /d/yangzhou/npc/daren.c
(Tue Apr 18 20:34:49 2000)
        迪斯科 edit /cmds/imm/where.c
(Wed Apr 19 12:55:40 2000)
        迪斯科 edit /data/area/扬州姚记钱庄.o
(Wed Apr 19 12:56:27 2000)
        迪斯科 edit /data/area/扬州姚记钱庄.o
(Wed Apr 19 13:16:22 2000)
        迪斯科 edit /cmds/usr/wanyi.c
(Wed Apr 19 13:40:12 2000)
        迪斯科 edit /u/lxh/room.c
(Wed Apr 19 14:12:05 2000)
        迪斯科 edit /cmds/adm/ban1.c
(Wed Apr 19 14:12:38 2000)
        迪斯科 edit /cmds/arch/ban1.c
(Wed Apr 19 14:15:31 2000)
        迪斯科 edit /cmds/adm/ban1.c
(Wed Apr 19 14:20:46 2000)
        迪斯科 edit /cmds/wiz/cp.c
(Thu Apr 20 17:20:06 2000)
        迪斯科 edit /daemon/skill/daoxuexinde.c
(Thu Apr 20 17:20:53 2000)
        迪斯科 edit /daemon/skill/daoxuexinde.c
(Thu Apr 20 17:21:07 2000)
        迪斯科 edit /daemon/skill/daoxuexinde.c
(Thu Apr 20 17:21:59 2000)
        迪斯科 edit /daemon/skill/daoxuexinde.c
(Thu Apr 20 17:22:17 2000)
        迪斯科 edit /daemon/skill/daoxuexinde.c
(Thu Apr 20 17:22:55 2000)
        迪斯科 edit /daemon/skill/daoxuexinde.c
(Thu Apr 20 17:23:23 2000)
        迪斯科 edit /daemon/skill/daoxuexinde.c
(Fri Apr 21 16:21:44 2000)
        迪斯科 edit /d/zhongzhou/npc/dks.c
(Fri Apr 21 16:23:12 2000)
        迪斯科 edit /d/zhongzhou/npc/dks.c
(Fri Apr 21 16:52:37 2000)
        大剑师 edit /adm/daemons/natured.c
(Fri Apr 21 17:14:15 2000)
        大剑师 edit /adm/etc/wizlist
(Fri Apr 21 17:28:49 2000)
        大剑师 edit /adm/etc/wizlist
(Fri Apr 21 17:29:06 2000)
        大剑师 edit /adm/etc/wizlist
(Fri Apr 21 17:29:58 2000)
        大剑师 edit /cmds/usr/ppm.c
(Fri Apr 21 18:17:41 2000)
        大剑师 edit /d/zhongzhou/yinghaoup.c
(Fri Apr 21 18:18:00 2000)
        大剑师 edit /d/zhongzhou/yinghaoup.c
